    1  ls /
    2  ls /usr
    3  pwd
    4  cd ~
    5  cd /
    6  cd-
    7  cd -
    8  cd .
    9  cd ..
   10  cd ../../
   11  cd /root
   12  pwd
   13  cd /root
   14  cd usr
   15  cd /usr
   16  pwd
   17  cd /home
   18  pwd
   19  mkdir test1
   20  ls
   21  cd /home
   22  mkdir test2/test3
   23  mkdir -p test2/test3
   24  ls test2
   25  ls test1
   26  ls
   27  ls test2
   28  cd /home
   29  touch test1/index.php
   30  ls test1
   31  cd /home/test1 && ls
   32  cd /home/test1
   33  cp index.php copy.php
   34  ls
   35  cd /homw
   36  cd /home
   37  cp -r test1 test4
   38  ls
   39  ls test4
   40  cd /home
   41  mv test2/test3 test3
   42  ls
   43  mv test4 test1_copy
   44  ls
   45  ls test3
   46  ls test1_copy
   47  cd /home
   48  ls test1
   49  rm test1/copy.php
   50  ls test1
   51  rm -r test3
   52  ls
   53  rm test1_copy/*.php
   54  ls test1_copy
   55  ls
   56  ls test1
   57  cd /home
   58  echo 'Hello World' > README.md
   59  cat README.md
   60  echo '# Server Lesson' > README.md
   61  cat README.md
   62  cd /home
   63  echo 'Linux Practice' >> README.md
   64  cat README.md
   65  echo '-----------------' >> README.md
   66  cat README.md
   67  apt update -y && apt install -y vim
   68  cd /home
   69  vi README.md
   70  cat README.md
   71  cd /root
   72  mkdir server?
   73  rmdir server?
   74  ls
   75  mkdir server_lesson && cd server_lesson
   76  apt update -y && apt install -y git
   77  git version
   78  git init
   79  ls
   80  touch first.txt
   81  ls
   82  git branch
   83  git status
   84  git add .
   85  git status
   86  git commit -m 'first commit7
\c
/c
\a
\n
/n
   87  git status
   88  git commit -m 'first commit'
   89  git log
   90  git status
   91  git commit -m 'first commit'
   92  mkdir -p linux_practice1/public
   93  ls
   94  ls linux_practice1
   95  touch public/index.php
   96  ls
   97* cp linux_practice1/public/index.php 
   98  ls public
   99  ls linux_practice1/public
  100  ls linux_practice1
  101  cd /linux_practice1/public
  102  ls
  103  cd /server_lesson/linux_practice1/public
  104  ls
  105  cd /server_lesson/linux_practice1
  106  cd /linux_practice1
  107  cd /server_lesson/linux_practice1
  108  ls
  109  ls linux_practice1
  110  cd linux_practice1
  111  cd public
  112  cp index.php index_bk.php
  113  ls
  114  cd linux_practice1
  115  cd /server_lesson/linux_practice1
  116  cd server_lesson/linux_practice1
  117  cd /root/server_lesson/linux_practice1
  118  cp -r public tmp
  119  ls
  120  cd tmp
  121  ls
  122  cd ..
  123  ls
  124  cd public
  125  ls
  126  cd ..
  127  tmp
  128  cd tmp
  129  ls
  130  rm index_bk.php
  131  ls
  132  cd ../../
  133  touch README.md
  134  ls
  135  vi README.md
  136  cat README.md
  137  ls
  138  mkdir -p linux_practice2/documents
  139  ls
  140  ls linux_practice2
  141  cd documents
  142  cd linux_practice2/documents
  143  ls
  144  touch documents/gizumo{01..50}.md
  145  ls
  146  touch gizumo{01..50}.md
  147  ls
  148  cd ..
  149  mkdir trash
  150  ls
  151  cd trash
  152  mv ~/server_lesson/linux_practice2/documents/gizumo{20..40}.md ~/server_lesson/linux_practice2/trash/
  153  ls
  154  cd ..
  155  cd documents
  156  ls
  157  cd ..
  158  cd trash
  159  ls
  160  cd ..
  161  touch .gitignore
  162  ls
  163  ls -a
  164  vi .gitignore
  165  seq -f "gizumo%g.md" 20 29 >> .gitignore
  166  cat .gitignore
  167  cd trash
  168  ls
  169  cd ..
  170  history 300 > exec_command.log
